Horizon started successfully.
[2019-07-01 14:24:37][1] Processing: App\Notifications\VerifyEmailQueued
[2019-07-01 14:24:37][1] Processing: App\Notifications\VerifyEmailQueued
[2019-07-01 14:24:37][1] Processing: App\Notifications\VerifyEmailQueued
[2019-07-01 14:24:37][1] Failed:     App\Notifications\VerifyEmailQueued
[2019-07-01 14:33:13][2] Processing: App\Notifications\VerifyEmailQueued
[2019-07-01 14:33:13][2] Processing: App\Notifications\VerifyEmailQueued
[2019-07-01 14:33:13][2] Processing: App\Notifications\VerifyEmailQueued
[2019-07-01 14:33:13][2] Failed:     App\Notifications\VerifyEmailQueued
[2019-07-01 14:49:39][3] Processing: App\Notifications\VerifyEmailQueued
[2019-07-01 14:49:39][3] Processing: App\Notifications\VerifyEmailQueued
[2019-07-01 14:49:39][3] Processing: App\Notifications\VerifyEmailQueued
[2019-07-01 14:49:39][3] Failed:     App\Notifications\VerifyEmailQueued
[2019-07-01 14:50:47][4] Processing: App\Notifications\VerifyEmailQueued
[2019-07-01 14:50:47][4] Processing: App\Notifications\VerifyEmailQueued
[2019-07-01 14:50:47][4] Processing: App\Notifications\VerifyEmailQueued
[2019-07-01 14:50:47][4] Failed:     App\Notifications\VerifyEmailQueued
Horizon started successfully.
Horizon started successfully.
Horizon started successfully.
Horizon started successfully.
Horizon started successfully.
Horizon started successfully.
Horizon started successfully.
Horizon started successfully.
Horizon started successfully.
Horizon started successfully.
Horizon started successfully.
Horizon started successfully.
Horizon started successfully.
Horizon started successfully.
Horizon started successfully.
Horizon started successfully.
Horizon started successfully.
Horizon started successfully.
Horizon started successfully.
Horizon started successfully.
Horizon started successfully.
Horizon started successfully.

   Predis\Connection\ConnectionException  : Error while reading line from the server. [tcp://127.0.0.1:6379]

  at /home/vagrant/code/exposicion/vendor/predis/predis/src/Connection/AbstractConnection.php:155
    151|      */
    152|     protected function onConnectionError($message, $code = null)
    153|     {
    154|         CommunicationException::handle(
  > 155|             new ConnectionException($this, static::createExceptionMessage($message), $code)
    156|         );
    157|     }
    158| 
    159|     /**

  Exception trace:

  1   Predis\Connection\AbstractConnection::onConnectionError("Error while reading line from the server.")
      /home/vagrant/code/exposicion/vendor/predis/predis/src/Connection/StreamConnection.php:314

  2   Predis\Connection\StreamConnection::read()
      /home/vagrant/code/exposicion/vendor/predis/predis/src/Connection/AbstractConnection.php:120

  Please use the argument -v to see more details.

   Predis\Connection\ConnectionException  : Error while reading line from the server. [tcp://127.0.0.1:6379]

  at /home/vagrant/code/exposicion/vendor/predis/predis/src/Connection/AbstractConnection.php:155
    151|      */
    152|     protected function onConnectionError($message, $code = null)
    153|     {
    154|         CommunicationException::handle(
  > 155|             new ConnectionException($this, static::createExceptionMessage($message), $code)
    156|         );
    157|     }
    158| 
    159|     /**

  Exception trace:

  1   Predis\Connection\AbstractConnection::onConnectionError("Error while reading line from the server.")
      /home/vagrant/code/exposicion/vendor/predis/predis/src/Connection/StreamConnection.php:314

  2   Predis\Connection\StreamConnection::read()
      /home/vagrant/code/exposicion/vendor/predis/predis/src/Connection/AbstractConnection.php:120

  Please use the argument -v to see more details.

   Predis\Connection\ConnectionException  : Error while reading line from the server. [tcp://127.0.0.1:6379]

  at /home/vagrant/code/exposicion/vendor/predis/predis/src/Connection/AbstractConnection.php:155
    151|      */
    152|     protected function onConnectionError($message, $code = null)
    153|     {
    154|         CommunicationException::handle(
  > 155|             new ConnectionException($this, static::createExceptionMessage($message), $code)
    156|         );
    157|     }
    158| 
    159|     /**

  Exception trace:

  1   Predis\Connection\AbstractConnection::onConnectionError("Error while reading line from the server.")
      /home/vagrant/code/exposicion/vendor/predis/predis/src/Connection/StreamConnection.php:314

  2   Predis\Connection\StreamConnection::read()
      /home/vagrant/code/exposicion/vendor/predis/predis/src/Connection/AbstractConnection.php:120

  Please use the argument -v to see more details.
Horizon started successfully.
Horizon started successfully.
Horizon started successfully.
Horizon started successfully.
Horizon started successfully.
Horizon started successfully.
Horizon started successfully.
Horizon started successfully.
Horizon started successfully.
Horizon started successfully.
Horizon started successfully.
Horizon started successfully.
Horizon started successfully.
Horizon started successfully.
Horizon started successfully.
Horizon started successfully.
Horizon started successfully.
Horizon started successfully.
Horizon started successfully.
Horizon started successfully.
